<?xml version="1.0" encoding="UTF-8"?>
<!-- Generated by org.testng.reporters.JUnitXMLReporter -->
<testsuite ignored="0" hostname="Leti" failures="0" tests="1" name="5 login Test cases" time="7.336" errors="0" timestamp="2023-03-03T19:35:29 PST">
  <testcase classname="pomSalesForce.base.BaseAction" name="@BeforeTest setUpBeforeTest" time="0.015">
    <failure type="java.lang.NullPointerException" message="Cannot invoke &amp;quot;org.openqa.selenium.WebDriver.manage()&amp;quot; because &amp;quot;pomSalesForce.base.BaseAction.driver&amp;quot; is null">
      <![CDATA[java.lang.NullPointerException: Cannot invoke "org.openqa.selenium.WebDriver.manage()" because "pomSalesForce.base.BaseAction.driver" is null
at pomSalesForce.base.BaseAction.setUpBeforeTest(BaseAction.java:71)
... Removed 24 stack frames]]>
    </failure>
  </testcase> <!-- @BeforeTest setUpBeforeTest -->
  <testcase classname="pomSalesForce.base.BaseAction" name="@AfterTest tearDown" time="-1.677900929888E9">
    <skipped/>
  </testcase> <!-- @AfterTest tearDown -->
  <testcase classname="io.cucumber.testng.AbstractTestNGCucumberTests" name="runScenario" time="0.0">
    <skipped/>
  </testcase> <!-- runScenario -->
</testsuite> <!-- 5 login Test cases -->
