<?xml version="1.0" encoding="UTF-8"?>
<!-- Generated by org.testng.reporters.JUnitXMLReporter -->
<testsuite ignored="0" hostname="Leti" failures="0" tests="5" name="Testing all 37 Sales Force Test cases" time="76.293" errors="0" timestamp="2023-02-20T22:46:56 PST">
  <testcase classname="pomSalesForce.tests.LoginTests" name="tc1loginErrorMessage" time="12.288"/>
  <testcase classname="pomSalesForce.tests.LoginTests" name="tc2loginToSalesForce" time="16.145"/>
  <testcase classname="pomSalesForce.tests.LoginTests" name="tc3checkRememberMe" time="24.6"/>
  <testcase classname="pomSalesForce.tests.LoginTests" name="tc4aForgotPassword" time="10.627"/>
  <testcase classname="pomSalesForce.tests.LoginTests" name="tc4bForgotPassword" time="11.574"/>
</testsuite> <!-- Testing all 37 Sales Force Test cases -->
